[0.022s] Invoking command in '/home/tristan/tugas-d2-sekuro18-18225045/build/destroyer': CMAKE_PREFIX_PATH=/opt/ros/humble /usr/bin/cmake /home/tristan/tugas-d2-sekuro18-18225045/src/destroyer -DCMAKE_INSTALL_PREFIX=/home/tristan/tugas-d2-sekuro18-18225045/install/destroyer
[0.421s] -- The C compiler identification is GNU 11.4.0
[0.792s] -- The CXX compiler identification is GNU 11.4.0
[1.370s] -- Detecting C compiler ABI info
[1.573s] -- Detecting C compiler ABI info - done
[1.578s] -- Check for working C compiler: /usr/bin/cc - skipped
[1.583s] -- Detecting C compile features
[1.585s] -- Detecting C compile features - done
[1.590s] -- Detecting CXX compiler ABI info
[1.798s] -- Detecting CXX compiler ABI info - done
[1.802s] -- Check for working CXX compiler: /usr/bin/c++ - skipped
[1.803s] -- Detecting CXX compile features
[1.803s] -- Detecting CXX compile features - done
[1.816s] -- Found ament_cmake: 1.3.14 (/opt/ros/humble/share/ament_cmake/cmake)
[1.958s] -- Found Python3: /usr/bin/python3 (found version "3.10.12") found components: Interpreter 
[2.060s] -- Found rclcpp: 16.0.18 (/opt/ros/humble/share/rclcpp/cmake)
[2.215s] -- Found rosidl_generator_c: 3.1.8 (/opt/ros/humble/share/rosidl_generator_c/cmake)
[2.223s] -- Found rosidl_adapter: 3.1.8 (/opt/ros/humble/share/rosidl_adapter/cmake)
[2.241s] -- Found rosidl_generator_cpp: 3.1.8 (/opt/ros/humble/share/rosidl_generator_cpp/cmake)
[2.268s] -- Using all available rosidl_typesupport_c: rosidl_typesupport_fastrtps_c;rosidl_typesupport_introspection_c
[2.290s] -- Using all available rosidl_typesupport_cpp: rosidl_typesupport_fastrtps_cpp;rosidl_typesupport_introspection_cpp
[2.359s] -- Found rmw_implementation_cmake: 6.1.2 (/opt/ros/humble/share/rmw_implementation_cmake/cmake)
[2.363s] -- Found rmw_fastrtps_cpp: 6.2.10 (/opt/ros/humble/share/rmw_fastrtps_cpp/cmake)
[3.157s] -- Found OpenSSL: /usr/lib/x86_64-linux-gnu/libcrypto.so (found version "3.0.2")  
[3.916s] -- Found FastRTPS: /opt/ros/humble/include  
[5.378s] -- Using RMW implementation 'rmw_fastrtps_cpp' as default
[5.402s] -- Looking for pthread.h
[5.516s] -- Looking for pthread.h - found
[5.516s] -- Performing Test CMAKE_HAVE_LIBC_PTHREAD
[5.659s] -- Performing Test CMAKE_HAVE_LIBC_PTHREAD - Success
[5.660s] -- Found Threads: TRUE  
[5.748s] -- Found geometry_msgs: 4.9.1 (/opt/ros/humble/share/geometry_msgs/cmake)
[5.776s] -- Found ament_lint_auto: 0.12.15 (/opt/ros/humble/share/ament_lint_auto/cmake)
[5.865s] -- Added test 'cppcheck' to perform static code analysis on C / C++ code
[5.865s] -- Configured cppcheck include dirs: 
[5.865s] -- Configured cppcheck exclude dirs and/or files: 
[5.867s] -- Added test 'lint_cmake' to check CMake code style
[5.869s] -- Added test 'uncrustify' to check C / C++ code style
[5.869s] -- Configured uncrustify additional arguments: 
[5.871s] -- Added test 'xmllint' to check XML markup files
[5.874s] -- Configuring done
[5.878s] -- Generating done
[5.880s] -- Build files have been written to: /home/tristan/tugas-d2-sekuro18-18225045/build/destroyer
[5.888s] Invoked command in '/home/tristan/tugas-d2-sekuro18-18225045/build/destroyer' returned '0': CMAKE_PREFIX_PATH=/opt/ros/humble /usr/bin/cmake /home/tristan/tugas-d2-sekuro18-18225045/src/destroyer -DCMAKE_INSTALL_PREFIX=/home/tristan/tugas-d2-sekuro18-18225045/install/destroyer
[5.888s] Invoking command in '/home/tristan/tugas-d2-sekuro18-18225045/build/destroyer': CMAKE_PREFIX_PATH=/opt/ros/humble /usr/bin/cmake --build /home/tristan/tugas-d2-sekuro18-18225045/build/destroyer -- -j12 -l12
[5.923s] Invoked command in '/home/tristan/tugas-d2-sekuro18-18225045/build/destroyer' returned '0': CMAKE_PREFIX_PATH=/opt/ros/humble /usr/bin/cmake --build /home/tristan/tugas-d2-sekuro18-18225045/build/destroyer -- -j12 -l12
[5.932s] Invoking command in '/home/tristan/tugas-d2-sekuro18-18225045/build/destroyer': CMAKE_PREFIX_PATH=/opt/ros/humble /usr/bin/cmake --install /home/tristan/tugas-d2-sekuro18-18225045/build/destroyer
[5.937s] -- Install configuration: ""
[5.938s] -- Installing: /home/tristan/tugas-d2-sekuro18-18225045/install/destroyer/share/ament_index/resource_index/package_run_dependencies/destroyer
[5.939s] -- Installing: /home/tristan/tugas-d2-sekuro18-18225045/install/destroyer/share/ament_index/resource_index/parent_prefix_path/destroyer
[5.939s] -- Installing: /home/tristan/tugas-d2-sekuro18-18225045/install/destroyer/share/destroyer/environment/ament_prefix_path.sh
[5.939s] -- Installing: /home/tristan/tugas-d2-sekuro18-18225045/install/destroyer/share/destroyer/environment/ament_prefix_path.dsv
[5.939s] -- Installing: /home/tristan/tugas-d2-sekuro18-18225045/install/destroyer/share/destroyer/environment/path.sh
[5.939s] -- Installing: /home/tristan/tugas-d2-sekuro18-18225045/install/destroyer/share/destroyer/environment/path.dsv
[5.940s] -- Installing: /home/tristan/tugas-d2-sekuro18-18225045/install/destroyer/share/destroyer/local_setup.bash
[5.940s] -- Installing: /home/tristan/tugas-d2-sekuro18-18225045/install/destroyer/share/destroyer/local_setup.sh
[5.940s] -- Installing: /home/tristan/tugas-d2-sekuro18-18225045/install/destroyer/share/destroyer/local_setup.zsh
[5.940s] -- Installing: /home/tristan/tugas-d2-sekuro18-18225045/install/destroyer/share/destroyer/local_setup.dsv
[5.940s] -- Installing: /home/tristan/tugas-d2-sekuro18-18225045/install/destroyer/share/destroyer/package.dsv
[5.941s] -- Installing: /home/tristan/tugas-d2-sekuro18-18225045/install/destroyer/share/ament_index/resource_index/packages/destroyer
[5.941s] -- Installing: /home/tristan/tugas-d2-sekuro18-18225045/install/destroyer/share/destroyer/cmake/destroyerConfig.cmake
[5.941s] -- Installing: /home/tristan/tugas-d2-sekuro18-18225045/install/destroyer/share/destroyer/cmake/destroyerConfig-version.cmake
[5.941s] -- Installing: /home/tristan/tugas-d2-sekuro18-18225045/install/destroyer/share/destroyer/package.xml
[5.943s] Invoked command in '/home/tristan/tugas-d2-sekuro18-18225045/build/destroyer' returned '0': CMAKE_PREFIX_PATH=/opt/ros/humble /usr/bin/cmake --install /home/tristan/tugas-d2-sekuro18-18225045/build/destroyer
