[0.394s] DEBUG:colcon:Command line arguments: ['/usr/bin/colcon', 'build']
[0.394s] DEBUG:colcon:Parsed command line arguments: Namespace(log_base=None, log_level=None, verb_name='build', build_base='build', install_base='install', merge_install=False, symlink_install=False, test_result_base=None, continue_on_error=False, executor='parallel', parallel_workers=12, event_handlers=None, ignore_user_meta=False, metas=['./colcon.meta'], base_paths=['.'], packages_ignore=None, packages_ignore_regex=None, paths=None, packages_up_to=None, packages_up_to_regex=None, packages_above=None, packages_above_and_dependencies=None, packages_above_depth=None, packages_select_by_dep=None, packages_skip_by_dep=None, packages_skip_up_to=None, packages_select_build_failed=False, packages_skip_build_finished=False, packages_select_test_failures=False, packages_skip_test_passed=False, packages_select=None, packages_skip=None, packages_select_regex=None, packages_skip_regex=None, packages_start=None, packages_end=None, allow_overriding=[], cmake_args=None, cmake_target=None, cmake_target_skip_unavailable=False, cmake_clean_cache=False, cmake_clean_first=False, cmake_force_configure=False, ament_cmake_args=None, catkin_cmake_args=None, catkin_skip_building_tests=False, verb_parser=<colcon_defaults.argument_parser.defaults.DefaultArgumentsDecorator object at 0x7b7e34e272e0>, verb_extension=<colcon_core.verb.build.BuildVerb object at 0x7b7e34e26dd0>, main=<bound method BuildVerb.main of <colcon_core.verb.build.BuildVerb object at 0x7b7e34e26dd0>>)
[0.882s] Level 1:colcon.colcon_core.package_discovery:discover_packages(colcon_meta) check parameters
[0.882s] Level 1:colcon.colcon_core.package_discovery:discover_packages(recursive) check parameters
[0.882s] Level 1:colcon.colcon_core.package_discovery:discover_packages(ignore) check parameters
[0.882s] Level 1:colcon.colcon_core.package_discovery:discover_packages(path) check parameters
[0.882s] Level 1:colcon.colcon_core.package_discovery:discover_packages(colcon_meta) discover
[0.883s] Level 1:colcon.colcon_core.package_discovery:discover_packages(recursive) discover
[0.883s] INFO:colcon.colcon_core.package_discovery:Crawling recursively for packages in '/home/tristan/tugas-d2-sekuro18-18225045'
[0.883s] Level 1:colcon.colcon_core.package_identification:_identify(.) by extensions ['ignore', 'ignore_ament_install']
[0.883s] Level 1:colcon.colcon_core.package_identification:_identify(.) by extension 'ignore'
[0.883s] Level 1:colcon.colcon_core.package_identification:_identify(.) by extension 'ignore_ament_install'
[0.883s] Level 1:colcon.colcon_core.package_identification:_identify(.) by extensions ['colcon_pkg']
[0.883s] Level 1:colcon.colcon_core.package_identification:_identify(.) by extension 'colcon_pkg'
[0.883s] Level 1:colcon.colcon_core.package_identification:_identify(.) by extensions ['colcon_meta']
[0.883s] Level 1:colcon.colcon_core.package_identification:_identify(.) by extension 'colcon_meta'
[0.883s] Level 1:colcon.colcon_core.package_identification:_identify(.) by extensions ['ros']
[0.883s] Level 1:colcon.colcon_core.package_identification:_identify(.) by extension 'ros'
[0.891s] Level 1:colcon.colcon_core.package_identification:_identify(.) by extensions ['cmake', 'python']
[0.891s] Level 1:colcon.colcon_core.package_identification:_identify(.) by extension 'cmake'
[0.891s] Level 1:colcon.colcon_core.package_identification:_identify(.) by extension 'python'
[0.891s] Level 1:colcon.colcon_core.package_identification:_identify(.) by extensions ['python_setup_py']
[0.891s] Level 1:colcon.colcon_core.package_identification:_identify(.) by extension 'python_setup_py'
[0.892s] Level 1:colcon.colcon_core.package_identification:_identify(bonus) by extensions ['ignore', 'ignore_ament_install']
[0.892s] Level 1:colcon.colcon_core.package_identification:_identify(bonus) by extension 'ignore'
[0.892s] Level 1:colcon.colcon_core.package_identification:_identify(bonus) by extension 'ignore_ament_install'
[0.892s] Level 1:colcon.colcon_core.package_identification:_identify(bonus) by extensions ['colcon_pkg']
[0.892s] Level 1:colcon.colcon_core.package_identification:_identify(bonus) by extension 'colcon_pkg'
[0.892s] Level 1:colcon.colcon_core.package_identification:_identify(bonus) by extensions ['colcon_meta']
[0.892s] Level 1:colcon.colcon_core.package_identification:_identify(bonus) by extension 'colcon_meta'
[0.892s] Level 1:colcon.colcon_core.package_identification:_identify(bonus) by extensions ['ros']
[0.892s] Level 1:colcon.colcon_core.package_identification:_identify(bonus) by extension 'ros'
[0.892s] Level 1:colcon.colcon_core.package_identification:_identify(bonus) by extensions ['cmake', 'python']
[0.892s] Level 1:colcon.colcon_core.package_identification:_identify(bonus) by extension 'cmake'
[0.892s] Level 1:colcon.colcon_core.package_identification:_identify(bonus) by extension 'python'
[0.892s] Level 1:colcon.colcon_core.package_identification:_identify(bonus) by extensions ['python_setup_py']
[0.892s] Level 1:colcon.colcon_core.package_identification:_identify(bonus) by extension 'python_setup_py'
[0.892s] Level 1:colcon.colcon_core.package_identification:_identify(build) by extensions ['ignore', 'ignore_ament_install']
[0.892s] Level 1:colcon.colcon_core.package_identification:_identify(build) by extension 'ignore'
[0.892s] Level 1:colcon.colcon_core.package_identification:_identify(build) ignored
[0.892s] Level 1:colcon.colcon_core.package_identification:_identify(docs) by extensions ['ignore', 'ignore_ament_install']
[0.892s] Level 1:colcon.colcon_core.package_identification:_identify(docs) by extension 'ignore'
[0.892s] Level 1:colcon.colcon_core.package_identification:_identify(docs) by extension 'ignore_ament_install'
[0.892s] Level 1:colcon.colcon_core.package_identification:_identify(docs) by extensions ['colcon_pkg']
[0.892s] Level 1:colcon.colcon_core.package_identification:_identify(docs) by extension 'colcon_pkg'
[0.892s] Level 1:colcon.colcon_core.package_identification:_identify(docs) by extensions ['colcon_meta']
[0.892s] Level 1:colcon.colcon_core.package_identification:_identify(docs) by extension 'colcon_meta'
[0.892s] Level 1:colcon.colcon_core.package_identification:_identify(docs) by extensions ['ros']
[0.892s] Level 1:colcon.colcon_core.package_identification:_identify(docs) by extension 'ros'
[0.892s] Level 1:colcon.colcon_core.package_identification:_identify(docs) by extensions ['cmake', 'python']
[0.892s] Level 1:colcon.colcon_core.package_identification:_identify(docs) by extension 'cmake'
[0.892s] Level 1:colcon.colcon_core.package_identification:_identify(docs) by extension 'python'
[0.892s] Level 1:colcon.colcon_core.package_identification:_identify(docs) by extensions ['python_setup_py']
[0.892s] Level 1:colcon.colcon_core.package_identification:_identify(docs) by extension 'python_setup_py'
[0.892s] Level 1:colcon.colcon_core.package_identification:_identify(docs/bagian-1) by extensions ['ignore', 'ignore_ament_install']
[0.892s] Level 1:colcon.colcon_core.package_identification:_identify(docs/bagian-1) by extension 'ignore'
[0.892s] Level 1:colcon.colcon_core.package_identification:_identify(docs/bagian-1) by extension 'ignore_ament_install'
[0.892s] Level 1:colcon.colcon_core.package_identification:_identify(docs/bagian-1) by extensions ['colcon_pkg']
[0.892s] Level 1:colcon.colcon_core.package_identification:_identify(docs/bagian-1) by extension 'colcon_pkg'
[0.893s] Level 1:colcon.colcon_core.package_identification:_identify(docs/bagian-1) by extensions ['colcon_meta']
[0.893s] Level 1:colcon.colcon_core.package_identification:_identify(docs/bagian-1) by extension 'colcon_meta'
[0.893s] Level 1:colcon.colcon_core.package_identification:_identify(docs/bagian-1) by extensions ['ros']
[0.893s] Level 1:colcon.colcon_core.package_identification:_identify(docs/bagian-1) by extension 'ros'
[0.893s] Level 1:colcon.colcon_core.package_identification:_identify(docs/bagian-1) by extensions ['cmake', 'python']
[0.893s] Level 1:colcon.colcon_core.package_identification:_identify(docs/bagian-1) by extension 'cmake'
[0.893s] Level 1:colcon.colcon_core.package_identification:_identify(docs/bagian-1) by extension 'python'
[0.893s] Level 1:colcon.colcon_core.package_identification:_identify(docs/bagian-1) by extensions ['python_setup_py']
[0.893s] Level 1:colcon.colcon_core.package_identification:_identify(docs/bagian-1) by extension 'python_setup_py'
[0.893s] Level 1:colcon.colcon_core.package_identification:_identify(docs/bagian-2) by extensions ['ignore', 'ignore_ament_install']
[0.893s] Level 1:colcon.colcon_core.package_identification:_identify(docs/bagian-2) by extension 'ignore'
[0.893s] Level 1:colcon.colcon_core.package_identification:_identify(docs/bagian-2) by extension 'ignore_ament_install'
[0.893s] Level 1:colcon.colcon_core.package_identification:_identify(docs/bagian-2) by extensions ['colcon_pkg']
[0.893s] Level 1:colcon.colcon_core.package_identification:_identify(docs/bagian-2) by extension 'colcon_pkg'
[0.893s] Level 1:colcon.colcon_core.package_identification:_identify(docs/bagian-2) by extensions ['colcon_meta']
[0.893s] Level 1:colcon.colcon_core.package_identification:_identify(docs/bagian-2) by extension 'colcon_meta'
[0.893s] Level 1:colcon.colcon_core.package_identification:_identify(docs/bagian-2) by extensions ['ros']
[0.893s] Level 1:colcon.colcon_core.package_identification:_identify(docs/bagian-2) by extension 'ros'
[0.893s] Level 1:colcon.colcon_core.package_identification:_identify(docs/bagian-2) by extensions ['cmake', 'python']
[0.893s] Level 1:colcon.colcon_core.package_identification:_identify(docs/bagian-2) by extension 'cmake'
[0.893s] Level 1:colcon.colcon_core.package_identification:_identify(docs/bagian-2) by extension 'python'
[0.893s] Level 1:colcon.colcon_core.package_identification:_identify(docs/bagian-2) by extensions ['python_setup_py']
[0.893s] Level 1:colcon.colcon_core.package_identification:_identify(docs/bagian-2) by extension 'python_setup_py'
[0.893s] Level 1:colcon.colcon_core.package_identification:_identify(docs/bagian-3) by extensions ['ignore', 'ignore_ament_install']
[0.893s] Level 1:colcon.colcon_core.package_identification:_identify(docs/bagian-3) by extension 'ignore'
[0.893s] Level 1:colcon.colcon_core.package_identification:_identify(docs/bagian-3) by extension 'ignore_ament_install'
[0.893s] Level 1:colcon.colcon_core.package_identification:_identify(docs/bagian-3) by extensions ['colcon_pkg']
[0.893s] Level 1:colcon.colcon_core.package_identification:_identify(docs/bagian-3) by extension 'colcon_pkg'
[0.893s] Level 1:colcon.colcon_core.package_identification:_identify(docs/bagian-3) by extensions ['colcon_meta']
[0.893s] Level 1:colcon.colcon_core.package_identification:_identify(docs/bagian-3) by extension 'colcon_meta'
[0.893s] Level 1:colcon.colcon_core.package_identification:_identify(docs/bagian-3) by extensions ['ros']
[0.893s] Level 1:colcon.colcon_core.package_identification:_identify(docs/bagian-3) by extension 'ros'
[0.893s] Level 1:colcon.colcon_core.package_identification:_identify(docs/bagian-3) by extensions ['cmake', 'python']
[0.893s] Level 1:colcon.colcon_core.package_identification:_identify(docs/bagian-3) by extension 'cmake'
[0.893s] Level 1:colcon.colcon_core.package_identification:_identify(docs/bagian-3) by extension 'python'
[0.893s] Level 1:colcon.colcon_core.package_identification:_identify(docs/bagian-3) by extensions ['python_setup_py']
[0.893s] Level 1:colcon.colcon_core.package_identification:_identify(docs/bagian-3) by extension 'python_setup_py'
[0.893s] Level 1:colcon.colcon_core.package_identification:_identify(docs/bonus) by extensions ['ignore', 'ignore_ament_install']
[0.893s] Level 1:colcon.colcon_core.package_identification:_identify(docs/bonus) by extension 'ignore'
[0.893s] Level 1:colcon.colcon_core.package_identification:_identify(docs/bonus) by extension 'ignore_ament_install'
[0.893s] Level 1:colcon.colcon_core.package_identification:_identify(docs/bonus) by extensions ['colcon_pkg']
[0.894s] Level 1:colcon.colcon_core.package_identification:_identify(docs/bonus) by extension 'colcon_pkg'
[0.894s] Level 1:colcon.colcon_core.package_identification:_identify(docs/bonus) by extensions ['colcon_meta']
[0.894s] Level 1:colcon.colcon_core.package_identification:_identify(docs/bonus) by extension 'colcon_meta'
[0.894s] Level 1:colcon.colcon_core.package_identification:_identify(docs/bonus) by extensions ['ros']
[0.894s] Level 1:colcon.colcon_core.package_identification:_identify(docs/bonus) by extension 'ros'
[0.894s] Level 1:colcon.colcon_core.package_identification:_identify(docs/bonus) by extensions ['cmake', 'python']
[0.894s] Level 1:colcon.colcon_core.package_identification:_identify(docs/bonus) by extension 'cmake'
[0.894s] Level 1:colcon.colcon_core.package_identification:_identify(docs/bonus) by extension 'python'
[0.894s] Level 1:colcon.colcon_core.package_identification:_identify(docs/bonus) by extensions ['python_setup_py']
[0.894s] Level 1:colcon.colcon_core.package_identification:_identify(docs/bonus) by extension 'python_setup_py'
[0.894s] Level 1:colcon.colcon_core.package_identification:_identify(install) by extensions ['ignore', 'ignore_ament_install']
[0.894s] Level 1:colcon.colcon_core.package_identification:_identify(install) by extension 'ignore'
[0.894s] Level 1:colcon.colcon_core.package_identification:_identify(install) ignored
[0.894s] Level 1:colcon.colcon_core.package_identification:_identify(log) by extensions ['ignore', 'ignore_ament_install']
[0.894s] Level 1:colcon.colcon_core.package_identification:_identify(log) by extension 'ignore'
[0.894s] Level 1:colcon.colcon_core.package_identification:_identify(log) ignored
[0.894s] Level 1:colcon.colcon_core.package_identification:_identify(src) by extensions ['ignore', 'ignore_ament_install']
[0.894s] Level 1:colcon.colcon_core.package_identification:_identify(src) by extension 'ignore'
[0.894s] Level 1:colcon.colcon_core.package_identification:_identify(src) by extension 'ignore_ament_install'
[0.894s] Level 1:colcon.colcon_core.package_identification:_identify(src) by extensions ['colcon_pkg']
[0.894s] Level 1:colcon.colcon_core.package_identification:_identify(src) by extension 'colcon_pkg'
[0.894s] Level 1:colcon.colcon_core.package_identification:_identify(src) by extensions ['colcon_meta']
[0.894s] Level 1:colcon.colcon_core.package_identification:_identify(src) by extension 'colcon_meta'
[0.894s] Level 1:colcon.colcon_core.package_identification:_identify(src) by extensions ['ros']
[0.894s] Level 1:colcon.colcon_core.package_identification:_identify(src) by extension 'ros'
[0.894s] Level 1:colcon.colcon_core.package_identification:_identify(src) by extensions ['cmake', 'python']
[0.894s] Level 1:colcon.colcon_core.package_identification:_identify(src) by extension 'cmake'
[0.894s] Level 1:colcon.colcon_core.package_identification:_identify(src) by extension 'python'
[0.894s] Level 1:colcon.colcon_core.package_identification:_identify(src) by extensions ['python_setup_py']
[0.894s] Level 1:colcon.colcon_core.package_identification:_identify(src) by extension 'python_setup_py'
[0.894s] Level 1:colcon.colcon_core.package_identification:_identify(src/destroyer) by extensions ['ignore', 'ignore_ament_install']
[0.894s] Level 1:colcon.colcon_core.package_identification:_identify(src/destroyer) by extension 'ignore'
[0.894s] Level 1:colcon.colcon_core.package_identification:_identify(src/destroyer) by extension 'ignore_ament_install'
[0.894s] Level 1:colcon.colcon_core.package_identification:_identify(src/destroyer) by extensions ['colcon_pkg']
[0.894s] Level 1:colcon.colcon_core.package_identification:_identify(src/destroyer) by extension 'colcon_pkg'
[0.894s] Level 1:colcon.colcon_core.package_identification:_identify(src/destroyer) by extensions ['colcon_meta']
[0.894s] Level 1:colcon.colcon_core.package_identification:_identify(src/destroyer) by extension 'colcon_meta'
[0.894s] Level 1:colcon.colcon_core.package_identification:_identify(src/destroyer) by extensions ['ros']
[0.894s] Level 1:colcon.colcon_core.package_identification:_identify(src/destroyer) by extension 'ros'
[0.896s] DEBUG:colcon.colcon_core.package_identification:Package 'src/destroyer' with type 'ros.ament_cmake' and name 'destroyer'
[0.896s] Level 1:colcon.colcon_core.package_discovery:discover_packages(recursive) using defaults
[0.896s] Level 1:colcon.colcon_core.package_discovery:discover_packages(ignore) discover
[0.896s] Level 1:colcon.colcon_core.package_discovery:discover_packages(ignore) using defaults
[0.896s] Level 1:colcon.colcon_core.package_discovery:discover_packages(path) discover
[0.896s] Level 1:colcon.colcon_core.package_discovery:discover_packages(path) using defaults
[0.932s] Level 1:colcon.colcon_core.package_discovery:discover_packages(prefix_path) check parameters
[0.933s] Level 1:colcon.colcon_core.package_discovery:discover_packages(prefix_path) discover
[0.939s] DEBUG:colcon.colcon_installed_package_information.package_discovery:Found 273 installed packages in /opt/ros/humble
[0.940s] Level 1:colcon.colcon_core.package_discovery:discover_packages(prefix_path) using defaults
[0.976s] Level 5:colcon.colcon_core.verb:set package 'destroyer' build argument 'cmake_args' from command line to 'None'
[0.976s] Level 5:colcon.colcon_core.verb:set package 'destroyer' build argument 'cmake_target' from command line to 'None'
[0.976s] Level 5:colcon.colcon_core.verb:set package 'destroyer' build argument 'cmake_target_skip_unavailable' from command line to 'False'
[0.976s] Level 5:colcon.colcon_core.verb:set package 'destroyer' build argument 'cmake_clean_cache' from command line to 'False'
[0.976s] Level 5:colcon.colcon_core.verb:set package 'destroyer' build argument 'cmake_clean_first' from command line to 'False'
[0.976s] Level 5:colcon.colcon_core.verb:set package 'destroyer' build argument 'cmake_force_configure' from command line to 'False'
[0.976s] Level 5:colcon.colcon_core.verb:set package 'destroyer' build argument 'ament_cmake_args' from command line to 'None'
[0.976s] Level 5:colcon.colcon_core.verb:set package 'destroyer' build argument 'catkin_cmake_args' from command line to 'None'
[0.976s] Level 5:colcon.colcon_core.verb:set package 'destroyer' build argument 'catkin_skip_building_tests' from command line to 'False'
[0.976s] DEBUG:colcon.colcon_core.verb:Building package 'destroyer' with the following arguments: {'ament_cmake_args': None, 'build_base': '/home/tristan/tugas-d2-sekuro18-18225045/build/destroyer', 'catkin_cmake_args': None, 'catkin_skip_building_tests': False, 'cmake_args': None, 'cmake_clean_cache': False, 'cmake_clean_first': False, 'cmake_force_configure': False, 'cmake_target': None, 'cmake_target_skip_unavailable': False, 'install_base': '/home/tristan/tugas-d2-sekuro18-18225045/install/destroyer', 'merge_install': False, 'path': '/home/tristan/tugas-d2-sekuro18-18225045/src/destroyer', 'symlink_install': False, 'test_result_base': None}
[0.976s] INFO:colcon.colcon_core.executor:Executing jobs using 'parallel' executor
[0.977s] DEBUG:colcon.colcon_parallel_executor.executor.parallel:run_until_complete
[0.978s] INFO:colcon.colcon_ros.task.ament_cmake.build:Building ROS package in '/home/tristan/tugas-d2-sekuro18-18225045/src/destroyer' with build type 'ament_cmake'
[0.978s] INFO:colcon.colcon_cmake.task.cmake.build:Building CMake package in '/home/tristan/tugas-d2-sekuro18-18225045/src/destroyer'
[0.987s] INFO:colcon.colcon_core.plugin_system:Skipping extension 'colcon_core.shell.bat': Not used on non-Windows systems
[0.987s] INFO:colcon.colcon_core.shell:Skip shell extension 'powershell' for command environment: Not usable outside of PowerShell
[0.987s] DEBUG:colcon.colcon_core.shell:Skip shell extension 'dsv' for command environment
[1.001s] DEBUG:colcon.colcon_core.event_handler.log_command:Invoking command in '/home/tristan/tugas-d2-sekuro18-18225045/build/destroyer': CMAKE_PREFIX_PATH=/opt/ros/humble /usr/bin/cmake /home/tristan/tugas-d2-sekuro18-18225045/src/destroyer -DCMAKE_INSTALL_PREFIX=/home/tristan/tugas-d2-sekuro18-18225045/install/destroyer
[6.867s] DEBUG:colcon.colcon_core.event_handler.log_command:Invoked command in '/home/tristan/tugas-d2-sekuro18-18225045/build/destroyer' returned '0': CMAKE_PREFIX_PATH=/opt/ros/humble /usr/bin/cmake /home/tristan/tugas-d2-sekuro18-18225045/src/destroyer -DCMAKE_INSTALL_PREFIX=/home/tristan/tugas-d2-sekuro18-18225045/install/destroyer
[6.867s] DEBUG:colcon.colcon_core.event_handler.log_command:Invoking command in '/home/tristan/tugas-d2-sekuro18-18225045/build/destroyer': CMAKE_PREFIX_PATH=/opt/ros/humble /usr/bin/cmake --build /home/tristan/tugas-d2-sekuro18-18225045/build/destroyer -- -j12 -l12
[6.901s] DEBUG:colcon.colcon_core.event_handler.log_command:Invoked command in '/home/tristan/tugas-d2-sekuro18-18225045/build/destroyer' returned '0': CMAKE_PREFIX_PATH=/opt/ros/humble /usr/bin/cmake --build /home/tristan/tugas-d2-sekuro18-18225045/build/destroyer -- -j12 -l12
[6.910s] DEBUG:colcon.colcon_core.event_handler.log_command:Invoking command in '/home/tristan/tugas-d2-sekuro18-18225045/build/destroyer': CMAKE_PREFIX_PATH=/opt/ros/humble /usr/bin/cmake --install /home/tristan/tugas-d2-sekuro18-18225045/build/destroyer
[6.921s] Level 1:colcon.colcon_core.environment:create_environment_scripts_only(destroyer)
[6.922s] DEBUG:colcon.colcon_core.event_handler.log_command:Invoked command in '/home/tristan/tugas-d2-sekuro18-18225045/build/destroyer' returned '0': CMAKE_PREFIX_PATH=/opt/ros/humble /usr/bin/cmake --install /home/tristan/tugas-d2-sekuro18-18225045/build/destroyer
[6.935s] Level 1:colcon.colcon_core.environment:checking '/home/tristan/tugas-d2-sekuro18-18225045/install/destroyer' for CMake module files
[6.936s] Level 1:colcon.colcon_core.environment:checking '/home/tristan/tugas-d2-sekuro18-18225045/install/destroyer' for CMake config files
[6.936s] Level 1:colcon.colcon_core.shell:create_environment_hook('destroyer', 'cmake_prefix_path')
[6.936s] INFO:colcon.colcon_core.shell:Creating environment hook '/home/tristan/tugas-d2-sekuro18-18225045/install/destroyer/share/destroyer/hook/cmake_prefix_path.ps1'
[6.937s] INFO:colcon.colcon_core.shell:Creating environment descriptor '/home/tristan/tugas-d2-sekuro18-18225045/install/destroyer/share/destroyer/hook/cmake_prefix_path.dsv'
[6.938s] INFO:colcon.colcon_core.shell:Creating environment hook '/home/tristan/tugas-d2-sekuro18-18225045/install/destroyer/share/destroyer/hook/cmake_prefix_path.sh'
[6.939s] Level 1:colcon.colcon_core.environment:checking '/home/tristan/tugas-d2-sekuro18-18225045/install/destroyer/bin'
[6.939s] Level 1:colcon.colcon_core.environment:checking '/home/tristan/tugas-d2-sekuro18-18225045/install/destroyer/lib/pkgconfig/destroyer.pc'
[6.939s] Level 1:colcon.colcon_core.environment:checking '/home/tristan/tugas-d2-sekuro18-18225045/install/destroyer/lib/python3.10/site-packages'
[6.940s] Level 1:colcon.colcon_core.environment:checking '/home/tristan/tugas-d2-sekuro18-18225045/install/destroyer/bin'
[6.940s] INFO:colcon.colcon_core.shell:Creating package script '/home/tristan/tugas-d2-sekuro18-18225045/install/destroyer/share/destroyer/package.ps1'
[6.941s] INFO:colcon.colcon_core.shell:Creating package descriptor '/home/tristan/tugas-d2-sekuro18-18225045/install/destroyer/share/destroyer/package.dsv'
[6.942s] INFO:colcon.colcon_core.shell:Creating package script '/home/tristan/tugas-d2-sekuro18-18225045/install/destroyer/share/destroyer/package.sh'
[6.943s] INFO:colcon.colcon_core.shell:Creating package script '/home/tristan/tugas-d2-sekuro18-18225045/install/destroyer/share/destroyer/package.bash'
[6.945s] INFO:colcon.colcon_core.shell:Creating package script '/home/tristan/tugas-d2-sekuro18-18225045/install/destroyer/share/destroyer/package.zsh'
[6.946s] Level 1:colcon.colcon_core.environment:create_file_with_runtime_dependencies(/home/tristan/tugas-d2-sekuro18-18225045/install/destroyer/share/colcon-core/packages/destroyer)
[6.947s] Level 1:colcon.colcon_core.environment:create_environment_scripts_only(destroyer)
[6.947s] Level 1:colcon.colcon_core.environment:checking '/home/tristan/tugas-d2-sekuro18-18225045/install/destroyer' for CMake module files
[6.948s] Level 1:colcon.colcon_core.environment:checking '/home/tristan/tugas-d2-sekuro18-18225045/install/destroyer' for CMake config files
[6.948s] Level 1:colcon.colcon_core.shell:create_environment_hook('destroyer', 'cmake_prefix_path')
[6.948s] INFO:colcon.colcon_core.shell:Creating environment hook '/home/tristan/tugas-d2-sekuro18-18225045/install/destroyer/share/destroyer/hook/cmake_prefix_path.ps1'
[6.948s] INFO:colcon.colcon_core.shell:Creating environment descriptor '/home/tristan/tugas-d2-sekuro18-18225045/install/destroyer/share/destroyer/hook/cmake_prefix_path.dsv'
[6.949s] INFO:colcon.colcon_core.shell:Creating environment hook '/home/tristan/tugas-d2-sekuro18-18225045/install/destroyer/share/destroyer/hook/cmake_prefix_path.sh'
[6.949s] Level 1:colcon.colcon_core.environment:checking '/home/tristan/tugas-d2-sekuro18-18225045/install/destroyer/bin'
[6.949s] Level 1:colcon.colcon_core.environment:checking '/home/tristan/tugas-d2-sekuro18-18225045/install/destroyer/lib/pkgconfig/destroyer.pc'
[6.950s] Level 1:colcon.colcon_core.environment:checking '/home/tristan/tugas-d2-sekuro18-18225045/install/destroyer/lib/python3.10/site-packages'
[6.950s] Level 1:colcon.colcon_core.environment:checking '/home/tristan/tugas-d2-sekuro18-18225045/install/destroyer/bin'
[6.950s] INFO:colcon.colcon_core.shell:Creating package script '/home/tristan/tugas-d2-sekuro18-18225045/install/destroyer/share/destroyer/package.ps1'
[6.951s] INFO:colcon.colcon_core.shell:Creating package descriptor '/home/tristan/tugas-d2-sekuro18-18225045/install/destroyer/share/destroyer/package.dsv'
[6.951s] INFO:colcon.colcon_core.shell:Creating package script '/home/tristan/tugas-d2-sekuro18-18225045/install/destroyer/share/destroyer/package.sh'
[6.951s] INFO:colcon.colcon_core.shell:Creating package script '/home/tristan/tugas-d2-sekuro18-18225045/install/destroyer/share/destroyer/package.bash'
[6.952s] INFO:colcon.colcon_core.shell:Creating package script '/home/tristan/tugas-d2-sekuro18-18225045/install/destroyer/share/destroyer/package.zsh'
[6.952s] Level 1:colcon.colcon_core.environment:create_file_with_runtime_dependencies(/home/tristan/tugas-d2-sekuro18-18225045/install/destroyer/share/colcon-core/packages/destroyer)
[6.953s] DEBUG:colcon.colcon_parallel_executor.executor.parallel:closing loop
[6.953s] DEBUG:colcon.colcon_parallel_executor.executor.parallel:loop closed
[6.953s] DEBUG:colcon.colcon_parallel_executor.executor.parallel:run_until_complete finished with '0'
[6.953s] DEBUG:colcon.colcon_core.event_reactor:joining thread
[7.015s] INFO:colcon.colcon_core.plugin_system:Skipping extension 'colcon_notification.desktop_notification.notify_send': Could not find 'notify-send'
[7.015s] INFO:colcon.colcon_core.plugin_system:Skipping extension 'colcon_notification.desktop_notification.terminal_notifier': Not used on non-Darwin systems
[7.015s] INFO:colcon.colcon_core.plugin_system:Skipping extension 'colcon_notification.desktop_notification.win32': Not used on non-Windows systems
[7.015s] INFO:colcon.colcon_notification.desktop_notification:Sending desktop notification using 'notify2'
[7.015s] DEBUG:colcon.colcon_notification.desktop_notification.notify2:Failed to initialize notify2: org.freedesktop.DBus.Error.FileNotFound: Failed to connect to socket /run/user/1000/bus: No such file or directory
[7.015s] DEBUG:colcon.colcon_core.event_reactor:joined thread
[7.015s] INFO:colcon.colcon_core.shell:Creating prefix script '/home/tristan/tugas-d2-sekuro18-18225045/install/local_setup.ps1'
[7.017s] INFO:colcon.colcon_core.shell:Creating prefix util module '/home/tristan/tugas-d2-sekuro18-18225045/install/_local_setup_util_ps1.py'
[7.018s] INFO:colcon.colcon_core.shell:Creating prefix chain script '/home/tristan/tugas-d2-sekuro18-18225045/install/setup.ps1'
[7.019s] INFO:colcon.colcon_core.shell:Creating prefix script '/home/tristan/tugas-d2-sekuro18-18225045/install/local_setup.sh'
[7.019s] INFO:colcon.colcon_core.shell:Creating prefix util module '/home/tristan/tugas-d2-sekuro18-18225045/install/_local_setup_util_sh.py'
[7.023s] INFO:colcon.colcon_core.shell:Creating prefix chain script '/home/tristan/tugas-d2-sekuro18-18225045/install/setup.sh'
[7.024s] INFO:colcon.colcon_core.shell:Creating prefix script '/home/tristan/tugas-d2-sekuro18-18225045/install/local_setup.bash'
[7.025s] INFO:colcon.colcon_core.shell:Creating prefix chain script '/home/tristan/tugas-d2-sekuro18-18225045/install/setup.bash'
[7.028s] INFO:colcon.colcon_core.shell:Creating prefix script '/home/tristan/tugas-d2-sekuro18-18225045/install/local_setup.zsh'
[7.029s] INFO:colcon.colcon_core.shell:Creating prefix chain script '/home/tristan/tugas-d2-sekuro18-18225045/install/setup.zsh'
